<?xml version="1.0" encoding="UTF-8"?>
<testng-results ignored="0" total="1" passed="1" failed="0" skipped="0">
  <reporter-output>
  </reporter-output>
  <suite started-at="2023-07-26T17:50:40 EEST" name="Zalando tests" finished-at="2023-07-26T17:50:52 EEST" duration-ms="12058">
    <groups>
    </groups>
    <test started-at="2023-07-26T17:50:40 EEST" name="SimpleSearchTest" finished-at="2023-07-26T17:50:52 EEST" duration-ms="12058">
      <class name="SimpleSearchTest">
        <test-method is-config="true" signature="setUpBrowser()[pri:0, instance:SimpleSearchTest@6a192cfe]" started-at="2023-07-26T17:50:40 EEST" name="setUpBrowser" finished-at="2023-07-26T17:50:49 EEST" duration-ms="8946" status="PASS">
          <reporter-output>
          </reporter-output>
        </test-method> <!-- setUpBrowser -->
        <test-method signature="simpleSearchTest()[pri:0, instance:SimpleSearchTest@6a192cfe]" started-at="2023-07-26T17:50:49 EEST" name="simpleSearchTest" finished-at="2023-07-26T17:50:52 EEST" duration-ms="2809" status="PASS">
          <reporter-output>
          </reporter-output>
        </test-method> <!-- simpleSearchTest -->
        <test-method is-config="true" signature="tearDown()[pri:0, instance:SimpleSearchTest@6a192cfe]" started-at="2023-07-26T17:50:52 EEST" name="tearDown" finished-at="2023-07-26T17:50:52 EEST" duration-ms="250" status="PASS">
          <reporter-output>
          </reporter-output>
        </test-method> <!-- tearDown -->
      </class> <!-- SimpleSearchTest -->
    </test> <!-- SimpleSearchTest -->
  </suite> <!-- Zalando tests -->
</testng-results>
