<?xml version="1.0" encoding="UTF-8"?>
<testng-results ignored="0" total="1" passed="1" failed="0" skipped="0">
  <reporter-output>
  </reporter-output>
  <suite started-at="2023-10-22T16:26:21 EEST" name="Zalando tests" finished-at="2023-10-22T16:26:26 EEST" duration-ms="5413">
    <groups>
    </groups>
    <test started-at="2023-10-22T16:26:21 EEST" name="SimpleSearchTestMobile" finished-at="2023-10-22T16:26:26 EEST" duration-ms="5413">
      <class name="SimpleSearchTestMobile">
        <test-method is-config="true" signature="configureDriver(java.lang.String,java.lang.String,long)[pri:0, instance:SimpleSearchTestMobile@72057ecf]" started-at="2023-10-22T16:26:21 EEST" name="configureDriver" finished-at="2023-10-22T16:26:24 EEST" duration-ms="2831" status="PASS">
          <params>
            <param index="0">
              <value>
                <![CDATA[chrome]]>
              </value>
            </param>
            <param index="1">
              <value>
                <![CDATA[https://www.zalando.co.uk/]]>
              </value>
            </param>
            <param index="2">
              <value>
                <![CDATA[10000]]>
              </value>
            </param>
          </params>
          <reporter-output>
          </reporter-output>
        </test-method> <!-- configureDriver -->
        <test-method signature="simpleSearchTestMobile(java.lang.String)[pri:1, instance:SimpleSearchTestMobile@72057ecf]" started-at="2023-10-22T16:26:24 EEST" name="simpleSearchTestMobile" finished-at="2023-10-22T16:26:26 EEST" duration-ms="2358" status="PASS">
          <params>
            <param index="0">
              <value>
                <![CDATA[bags]]>
              </value>
            </param>
          </params>
          <reporter-output>
          </reporter-output>
        </test-method> <!-- simpleSearchTestMobile -->
        <test-method is-config="true" signature="cleanUp()[pri:0, instance:SimpleSearchTestMobile@72057ecf]" started-at="2023-10-22T16:26:26 EEST" name="cleanUp" finished-at="2023-10-22T16:26:26 EEST" duration-ms="189" status="PASS">
          <reporter-output>
          </reporter-output>
        </test-method> <!-- cleanUp -->
      </class> <!-- SimpleSearchTestMobile -->
    </test> <!-- SimpleSearchTestMobile -->
  </suite> <!-- Zalando tests -->
</testng-results>
